Using pre-set license
Built from '2020.3/staging' branch; Version is '2020.3.4f1 (0abb6314276a) revision 703331'; Using compiler version '192528614'; Build Type 'Release'
OS: 'Windows 10 Home Single Language; OS build 19042.985; Version 2009; 64bit' Language: 'en' Physical Memory: 16226 MB
BatchMode: 1, IsHumanControllingUs: 0, StartBugReporterOnCrash: 0, Is64bit: 1, IsPro: 0

 COMMAND LINE ARGUMENTS:
D:\Unity Projects and Stuff\Unity Versions\2020.3.4f1\Editor\Unity.exe
-adb2
-batchMode
-noUpm
-name
AssetImportWorker0
-projectPath
D:/Unity Projects and Stuff/Projects/Inventory System Demo
-logFile
Logs/AssetImportWorker0.log
-srvPort
60611
Successfully changed project path to: D:/Unity Projects and Stuff/Projects/Inventory System Demo
D:/Unity Projects and Stuff/Projects/Inventory System Demo
Using Asset Import Pipeline V2.
Refreshing native plugins compatible for Editor in 40.12 ms, found 0 plugins.
Preloading 0 native plugins for Editor in 0.00 ms.
Initialize engine version: 2020.3.4f1 (0abb6314276a)
[Subsystems] Discovering subsystems at path D:/Unity Projects and Stuff/Unity Versions/2020.3.4f1/Editor/Data/Resources/UnitySubsystems
[Subsystems] Discovering subsystems at path D:/Unity Projects and Stuff/Projects/Inventory System Demo/Assets
GfxDevice: creating device client; threaded=0
Direct3D:
    Version:  Direct3D 11.0 [level 11.1]
    Renderer: NVIDIA GeForce GTX 1050 Ti (ID=0x1c8c)
    Vendor:   
    VRAM:     4018 MB
    Driver:   27.21.14.6611
Initialize mono
Mono path[0] = 'D:/Unity Projects and Stuff/Unity Versions/2020.3.4f1/Editor/Data/Managed'
Mono path[1] = 'D:/Unity Projects and Stuff/Unity Versions/2020.3.4f1/Editor/Data/MonoBleedingEdge/lib/mono/unityjit'
Mono config path = 'D:/Unity Projects and Stuff/Unity Versions/2020.3.4f1/Editor/Data/MonoBleedingEdge/etc'
Using monoOptions --debugger-agent=transport=dt_socket,embedding=1,server=y,suspend=n,address=127.0.0.1:56368
Begin MonoManager ReloadAssembly
Registering precompiled unity dll's ...
Register platform support module: D:/Unity Projects and Stuff/Unity Versions/2020.3.4f1/Editor/Data/PlaybackEngines/WindowsStandaloneSupport/UnityEditor.WindowsStandalone.Extensions.dll
Registered in 0.001345 seconds.
Native extension for WindowsStandalone target not found
Refreshing native plugins compatible for Editor in 35.82 ms, found 0 plugins.
Preloading 0 native plugins for Editor in 0.00 ms.
Mono: successfully reloaded assembly
- Completed reload, in  2.731 seconds
Platform modules already initialized, skipping
Registering precompiled user dll's ...
Registered in 0.000668 seconds.
Begin MonoManager ReloadAssembly
Native extension for WindowsStandalone target not found
Refreshing native plugins compatible for Editor in 0.30 ms, found 0 plugins.
Preloading 0 native plugins for Editor in 0.00 ms.
Mono: successfully reloaded assembly
- Completed reload, in  1.390 seconds
Platform modules already initialized, skipping
========================================================================
Worker process is ready to serve import requests
Launched and connected shader compiler UnityShaderCompiler.exe after 0.11 seconds
Refreshing native plugins compatible for Editor in 0.30 ms, found 0 plugins.
Preloading 0 native plugins for Editor in 0.00 ms.
Unloading 1117 Unused Serialized files (Serialized files now loaded: 0)
System memory in use before: 57.2 MB.
System memory in use after: 57.3 MB.

Unloading 10 unused Assets to reduce memory usage. Loaded Objects now: 1560.
Total: 3.490400 ms (FindLiveObjects: 0.261600 ms CreateObjectMapping: 0.087400 ms MarkObjects: 3.003900 ms  DeleteObjects: 0.135300 ms)

========================================================================
Received Import Request.
  path: Assets
  artifactKey: Guid(00000000000000001000000000000000) Importer(815301076,1909f56bfc062723c751e8b465ee728b)
Start importing Assets using Guid(00000000000000001000000000000000) Importer(815301076,1909f56bfc062723c751e8b465ee728b)  -> (artifact id: '025e4f587c23674256bb898581e82961') in 0.025153 seconds
  Import took 0.045535 seconds .

========================================================================
Received Import Request.
  Time since last request: 4.325727 seconds.
  path: Assets/HotkeySlot.cs
  artifactKey: Guid(49a0b751933b8944fae11972d9676764) Importer(815301076,1909f56bfc062723c751e8b465ee728b)
Start importing Assets/HotkeySlot.cs using Guid(49a0b751933b8944fae11972d9676764) Importer(815301076,1909f56bfc062723c751e8b465ee728b)  -> (artifact id: '5ff34d7301db3e57cf11e33a57e3790b') in 0.092256 seconds
  Import took 0.110867 seconds .

========================================================================
Received Prepare
Registering precompiled user dll's ...
Registered in 0.000865 seconds.
Begin MonoManager ReloadAssembly
Native extension for WindowsStandalone target not found
Refreshing native plugins compatible for Editor in 0.46 ms, found 0 plugins.
Preloading 0 native plugins for Editor in 0.00 ms.
Mono: successfully reloaded assembly
- Completed reload, in  1.331 seconds
Platform modules already initialized, skipping
Refreshing native plugins compatible for Editor in 0.21 ms, found 0 plugins.
Preloading 0 native plugins for Editor in 0.00 ms.
Unloading 1113 Unused Serialized files (Serialized files now loaded: 0)
System memory in use before: 57.2 MB.
System memory in use after: 57.3 MB.

Unloading 5 unused Assets to reduce memory usage. Loaded Objects now: 1564.
Total: 1.656800 ms (FindLiveObjects: 0.158900 ms CreateObjectMapping: 0.046000 ms MarkObjects: 1.399500 ms  DeleteObjects: 0.050900 ms)

========================================================================
Received Prepare
Registering precompiled user dll's ...
Registered in 0.000561 seconds.
Begin MonoManager ReloadAssembly
Native extension for WindowsStandalone target not found
Refreshing native plugins compatible for Editor in 0.19 ms, found 0 plugins.
Preloading 0 native plugins for Editor in 0.00 ms.
Mono: successfully reloaded assembly
- Completed reload, in  0.927 seconds
Platform modules already initialized, skipping
Refreshing native plugins compatible for Editor in 0.20 ms, found 0 plugins.
Preloading 0 native plugins for Editor in 0.00 ms.
Unloading 1113 Unused Serialized files (Serialized files now loaded: 0)
System memory in use before: 57.2 MB.
System memory in use after: 57.3 MB.

Unloading 5 unused Assets to reduce memory usage. Loaded Objects now: 1567.
Total: 1.754800 ms (FindLiveObjects: 0.127200 ms CreateObjectMapping: 0.027200 ms MarkObjects: 1.545900 ms  DeleteObjects: 0.053100 ms)

========================================================================
Received Prepare
Registering precompiled user dll's ...
Registered in 0.000493 seconds.
Begin MonoManager ReloadAssembly
Native extension for WindowsStandalone target not found
Refreshing native plugins compatible for Editor in 0.20 ms, found 0 plugins.
Preloading 0 native plugins for Editor in 0.00 ms.
Mono: successfully reloaded assembly
- Completed reload, in  0.868 seconds
Platform modules already initialized, skipping
Refreshing native plugins compatible for Editor in 0.21 ms, found 0 plugins.
Preloading 0 native plugins for Editor in 0.00 ms.
Unloading 1113 Unused Serialized files (Serialized files now loaded: 0)
System memory in use before: 57.2 MB.
System memory in use after: 57.3 MB.

Unloading 5 unused Assets to reduce memory usage. Loaded Objects now: 1570.
Total: 1.509200 ms (FindLiveObjects: 0.129400 ms CreateObjectMapping: 0.036200 ms MarkObjects: 1.296900 ms  DeleteObjects: 0.046000 ms)

========================================================================
Received Prepare
Registering precompiled user dll's ...
Registered in 0.000534 seconds.
Begin MonoManager ReloadAssembly
Native extension for WindowsStandalone target not found
Refreshing native plugins compatible for Editor in 0.20 ms, found 0 plugins.
Preloading 0 native plugins for Editor in 0.00 ms.
Mono: successfully reloaded assembly
- Completed reload, in  1.035 seconds
Platform modules already initialized, skipping
Refreshing native plugins compatible for Editor in 0.34 ms, found 0 plugins.
Preloading 0 native plugins for Editor in 0.00 ms.
Unloading 1113 Unused Serialized files (Serialized files now loaded: 0)
System memory in use before: 57.2 MB.
System memory in use after: 57.3 MB.

Unloading 5 unused Assets to reduce memory usage. Loaded Objects now: 1573.
Total: 3.192300 ms (FindLiveObjects: 0.214600 ms CreateObjectMapping: 0.071900 ms MarkObjects: 2.841800 ms  DeleteObjects: 0.062300 ms)

========================================================================
Received Prepare
Registering precompiled user dll's ...
Registered in 0.000521 seconds.
Begin MonoManager ReloadAssembly
Native extension for WindowsStandalone target not found
Refreshing native plugins compatible for Editor in 0.19 ms, found 0 plugins.
Preloading 0 native plugins for Editor in 0.00 ms.
Mono: successfully reloaded assembly
- Completed reload, in  0.860 seconds
Platform modules already initialized, skipping
Refreshing native plugins compatible for Editor in 0.19 ms, found 0 plugins.
Preloading 0 native plugins for Editor in 0.00 ms.
Unloading 1113 Unused Serialized files (Serialized files now loaded: 0)
System memory in use before: 57.2 MB.
System memory in use after: 57.3 MB.

Unloading 5 unused Assets to reduce memory usage. Loaded Objects now: 1576.
Total: 1.816500 ms (FindLiveObjects: 0.147400 ms CreateObjectMapping: 0.040200 ms MarkObjects: 1.578900 ms  DeleteObjects: 0.048600 ms)

========================================================================
Received Prepare
Registering precompiled user dll's ...
Registered in 0.000449 seconds.
Begin MonoManager ReloadAssembly
Native extension for WindowsStandalone target not found
Refreshing native plugins compatible for Editor in 0.20 ms, found 0 plugins.
Preloading 0 native plugins for Editor in 0.00 ms.
Mono: successfully reloaded assembly
- Completed reload, in  0.959 seconds
Platform modules already initialized, skipping
Refreshing native plugins compatible for Editor in 0.28 ms, found 0 plugins.
Preloading 0 native plugins for Editor in 0.00 ms.
Unloading 1113 Unused Serialized files (Serialized files now loaded: 0)
System memory in use before: 57.2 MB.
System memory in use after: 57.3 MB.

Unloading 5 unused Assets to reduce memory usage. Loaded Objects now: 1579.
Total: 1.864000 ms (FindLiveObjects: 0.131900 ms CreateObjectMapping: 0.036100 ms MarkObjects: 1.641900 ms  DeleteObjects: 0.052800 ms)

========================================================================
Received Prepare
Registering precompiled user dll's ...
Registered in 0.000512 seconds.
Begin MonoManager ReloadAssembly
Native extension for WindowsStandalone target not found
Refreshing native plugins compatible for Editor in 0.19 ms, found 0 plugins.
Preloading 0 native plugins for Editor in 0.00 ms.
Mono: successfully reloaded assembly
- Completed reload, in  0.889 seconds
Platform modules already initialized, skipping
Refreshing native plugins compatible for Editor in 0.31 ms, found 0 plugins.
Preloading 0 native plugins for Editor in 0.00 ms.
Unloading 1113 Unused Serialized files (Serialized files now loaded: 0)
System memory in use before: 57.3 MB.
System memory in use after: 57.3 MB.

Unloading 5 unused Assets to reduce memory usage. Loaded Objects now: 1582.
Total: 2.798400 ms (FindLiveObjects: 0.123300 ms CreateObjectMapping: 0.033600 ms MarkObjects: 2.572700 ms  DeleteObjects: 0.067600 ms)

========================================================================
Received Prepare
Registering precompiled user dll's ...
Registered in 0.000507 seconds.
Begin MonoManager ReloadAssembly
Native extension for WindowsStandalone target not found
Refreshing native plugins compatible for Editor in 0.38 ms, found 0 plugins.
Preloading 0 native plugins for Editor in 0.00 ms.
Mono: successfully reloaded assembly
- Completed reload, in  0.882 seconds
Platform modules already initialized, skipping
Refreshing native plugins compatible for Editor in 0.23 ms, found 0 plugins.
Preloading 0 native plugins for Editor in 0.00 ms.
Unloading 1113 Unused Serialized files (Serialized files now loaded: 0)
System memory in use before: 57.3 MB.
System memory in use after: 57.3 MB.

Unloading 5 unused Assets to reduce memory usage. Loaded Objects now: 1585.
Total: 1.776900 ms (FindLiveObjects: 0.255300 ms CreateObjectMapping: 0.036300 ms MarkObjects: 1.437800 ms  DeleteObjects: 0.046300 ms)

========================================================================
Received Prepare
Registering precompiled user dll's ...
Registered in 0.000506 seconds.
Begin MonoManager ReloadAssembly
Native extension for WindowsStandalone target not found
Refreshing native plugins compatible for Editor in 0.26 ms, found 0 plugins.
Preloading 0 native plugins for Editor in 0.00 ms.
Mono: successfully reloaded assembly
- Completed reload, in  0.962 seconds
Platform modules already initialized, skipping
Refreshing native plugins compatible for Editor in 0.58 ms, found 0 plugins.
Preloading 0 native plugins for Editor in 0.00 ms.
Unloading 1113 Unused Serialized files (Serialized files now loaded: 0)
System memory in use before: 57.3 MB.
System memory in use after: 57.3 MB.

Unloading 5 unused Assets to reduce memory usage. Loaded Objects now: 1588.
Total: 6.070700 ms (FindLiveObjects: 0.719200 ms CreateObjectMapping: 0.130600 ms MarkObjects: 5.049600 ms  DeleteObjects: 0.168600 ms)

========================================================================
Received Prepare
Registering precompiled user dll's ...
Registered in 0.001694 seconds.
Begin MonoManager ReloadAssembly
Native extension for WindowsStandalone target not found
Refreshing native plugins compatible for Editor in 0.35 ms, found 0 plugins.
Preloading 0 native plugins for Editor in 0.00 ms.
Mono: successfully reloaded assembly
- Completed reload, in  1.625 seconds
Platform modules already initialized, skipping
Refreshing native plugins compatible for Editor in 0.47 ms, found 0 plugins.
Preloading 0 native plugins for Editor in 0.00 ms.
Unloading 1113 Unused Serialized files (Serialized files now loaded: 0)
System memory in use before: 57.3 MB.
System memory in use after: 57.3 MB.

Unloading 5 unused Assets to reduce memory usage. Loaded Objects now: 1591.
Total: 2.272800 ms (FindLiveObjects: 0.220400 ms CreateObjectMapping: 0.053100 ms MarkObjects: 1.929100 ms  DeleteObjects: 0.068100 ms)

========================================================================
Received Prepare
Registering precompiled user dll's ...
Registered in 0.000814 seconds.
Begin MonoManager ReloadAssembly
Native extension for WindowsStandalone target not found
Refreshing native plugins compatible for Editor in 0.26 ms, found 0 plugins.
Preloading 0 native plugins for Editor in 0.00 ms.
Mono: successfully reloaded assembly
- Completed reload, in  1.341 seconds
Platform modules already initialized, skipping
Refreshing native plugins compatible for Editor in 0.28 ms, found 0 plugins.
Preloading 0 native plugins for Editor in 0.00 ms.
Unloading 1113 Unused Serialized files (Serialized files now loaded: 0)
System memory in use before: 57.3 MB.
System memory in use after: 57.3 MB.

Unloading 5 unused Assets to reduce memory usage. Loaded Objects now: 1594.
Total: 2.824900 ms (FindLiveObjects: 0.255000 ms CreateObjectMapping: 0.056600 ms MarkObjects: 2.400100 ms  DeleteObjects: 0.110800 ms)

========================================================================
Received Prepare
Registering precompiled user dll's ...
Registered in 0.000901 seconds.
Begin MonoManager ReloadAssembly
Native extension for WindowsStandalone target not found
Refreshing native plugins compatible for Editor in 0.40 ms, found 0 plugins.
Preloading 0 native plugins for Editor in 0.00 ms.
Mono: successfully reloaded assembly
- Completed reload, in  1.329 seconds
Platform modules already initialized, skipping
Refreshing native plugins compatible for Editor in 0.27 ms, found 0 plugins.
Preloading 0 native plugins for Editor in 0.00 ms.
Unloading 1113 Unused Serialized files (Serialized files now loaded: 0)
System memory in use before: 57.3 MB.
System memory in use after: 57.4 MB.

Unloading 5 unused Assets to reduce memory usage. Loaded Objects now: 1597.
Total: 2.521500 ms (FindLiveObjects: 0.310600 ms CreateObjectMapping: 0.095500 ms MarkObjects: 2.046400 ms  DeleteObjects: 0.067700 ms)

========================================================================
Received Prepare
Registering precompiled user dll's ...
Registered in 0.001171 seconds.
Begin MonoManager ReloadAssembly
Native extension for WindowsStandalone target not found
Refreshing native plugins compatible for Editor in 0.27 ms, found 0 plugins.
Preloading 0 native plugins for Editor in 0.00 ms.
Mono: successfully reloaded assembly
- Completed reload, in  1.367 seconds
Platform modules already initialized, skipping
Refreshing native plugins compatible for Editor in 0.33 ms, found 0 plugins.
Preloading 0 native plugins for Editor in 0.00 ms.
Unloading 1113 Unused Serialized files (Serialized files now loaded: 0)
System memory in use before: 57.3 MB.
System memory in use after: 57.4 MB.

Unloading 5 unused Assets to reduce memory usage. Loaded Objects now: 1600.
Total: 2.581100 ms (FindLiveObjects: 0.415500 ms CreateObjectMapping: 0.081400 ms MarkObjects: 2.017200 ms  DeleteObjects: 0.065100 ms)

========================================================================
Received Prepare
Registering precompiled user dll's ...
Registered in 0.001092 seconds.
Begin MonoManager ReloadAssembly
Native extension for WindowsStandalone target not found
Refreshing native plugins compatible for Editor in 0.26 ms, found 0 plugins.
Preloading 0 native plugins for Editor in 0.00 ms.
Mono: successfully reloaded assembly
- Completed reload, in  1.486 seconds
Platform modules already initialized, skipping
Refreshing native plugins compatible for Editor in 0.26 ms, found 0 plugins.
Preloading 0 native plugins for Editor in 0.00 ms.
Unloading 1113 Unused Serialized files (Serialized files now loaded: 0)
System memory in use before: 57.3 MB.
System memory in use after: 57.4 MB.

Unloading 5 unused Assets to reduce memory usage. Loaded Objects now: 1603.
Total: 2.294400 ms (FindLiveObjects: 0.174900 ms CreateObjectMapping: 0.075400 ms MarkObjects: 1.977700 ms  DeleteObjects: 0.064500 ms)

========================================================================
Received Prepare
Registering precompiled user dll's ...
Registered in 0.001160 seconds.
Begin MonoManager ReloadAssembly
Native extension for WindowsStandalone target not found
Refreshing native plugins compatible for Editor in 0.27 ms, found 0 plugins.
Preloading 0 native plugins for Editor in 0.00 ms.
Mono: successfully reloaded assembly
- Completed reload, in  1.445 seconds
Platform modules already initialized, skipping
Refreshing native plugins compatible for Editor in 0.34 ms, found 0 plugins.
Preloading 0 native plugins for Editor in 0.00 ms.
Unloading 1113 Unused Serialized files (Serialized files now loaded: 0)
System memory in use before: 57.3 MB.
System memory in use after: 57.4 MB.

Unloading 5 unused Assets to reduce memory usage. Loaded Objects now: 1606.
Total: 2.159400 ms (FindLiveObjects: 0.178500 ms CreateObjectMapping: 0.053700 ms MarkObjects: 1.860500 ms  DeleteObjects: 0.065300 ms)

========================================================================
Received Prepare
Registering precompiled user dll's ...
Registered in 0.001051 seconds.
Begin MonoManager ReloadAssembly
Native extension for WindowsStandalone target not found
Refreshing native plugins compatible for Editor in 0.28 ms, found 0 plugins.
Preloading 0 native plugins for Editor in 0.00 ms.
Mono: successfully reloaded assembly
- Completed reload, in  1.385 seconds
Platform modules already initialized, skipping
Refreshing native plugins compatible for Editor in 0.33 ms, found 0 plugins.
Preloading 0 native plugins for Editor in 0.00 ms.
Unloading 1113 Unused Serialized files (Serialized files now loaded: 0)
System memory in use before: 57.3 MB.
System memory in use after: 57.4 MB.

Unloading 5 unused Assets to reduce memory usage. Loaded Objects now: 1609.
Total: 2.390700 ms (FindLiveObjects: 0.177200 ms CreateObjectMapping: 0.054600 ms MarkObjects: 2.072300 ms  DeleteObjects: 0.084900 ms)

========================================================================
Received Prepare
Registering precompiled user dll's ...
Registered in 0.001626 seconds.
Begin MonoManager ReloadAssembly
Native extension for WindowsStandalone target not found
Refreshing native plugins compatible for Editor in 0.27 ms, found 0 plugins.
Preloading 0 native plugins for Editor in 0.00 ms.
Mono: successfully reloaded assembly
- Completed reload, in  1.593 seconds
Platform modules already initialized, skipping
Refreshing native plugins compatible for Editor in 0.43 ms, found 0 plugins.
Preloading 0 native plugins for Editor in 0.00 ms.
Unloading 1114 Unused Serialized files (Serialized files now loaded: 0)
System memory in use before: 57.3 MB.
System memory in use after: 57.4 MB.

Unloading 5 unused Assets to reduce memory usage. Loaded Objects now: 1613.
Total: 2.562500 ms (FindLiveObjects: 0.218200 ms CreateObjectMapping: 0.051800 ms MarkObjects: 2.219700 ms  DeleteObjects: 0.070800 ms)

========================================================================
Received Prepare
Registering precompiled user dll's ...
Registered in 0.000758 seconds.
Begin MonoManager ReloadAssembly
Native extension for WindowsStandalone target not found
Refreshing native plugins compatible for Editor in 0.48 ms, found 0 plugins.
Preloading 0 native plugins for Editor in 0.00 ms.
Mono: successfully reloaded assembly
- Completed reload, in  1.484 seconds
Platform modules already initialized, skipping
Refreshing native plugins compatible for Editor in 0.27 ms, found 0 plugins.
Preloading 0 native plugins for Editor in 0.00 ms.
Unloading 1114 Unused Serialized files (Serialized files now loaded: 0)
System memory in use before: 57.3 MB.
System memory in use after: 57.4 MB.

Unloading 5 unused Assets to reduce memory usage. Loaded Objects now: 1616.
Total: 2.642800 ms (FindLiveObjects: 0.329000 ms CreateObjectMapping: 0.057500 ms MarkObjects: 2.189700 ms  DeleteObjects: 0.065400 ms)

========================================================================
Received Prepare
Registering precompiled user dll's ...
Registered in 0.001648 seconds.
Begin MonoManager ReloadAssembly
Native extension for WindowsStandalone target not found
Refreshing native plugins compatible for Editor in 0.26 ms, found 0 plugins.
Preloading 0 native plugins for Editor in 0.00 ms.
Mono: successfully reloaded assembly
- Completed reload, in  1.446 seconds
Platform modules already initialized, skipping
Refreshing native plugins compatible for Editor in 0.26 ms, found 0 plugins.
Preloading 0 native plugins for Editor in 0.00 ms.
Unloading 1114 Unused Serialized files (Serialized files now loaded: 0)
System memory in use before: 57.3 MB.
System memory in use after: 57.4 MB.

Unloading 5 unused Assets to reduce memory usage. Loaded Objects now: 1619.
Total: 2.809600 ms (FindLiveObjects: 0.303700 ms CreateObjectMapping: 0.094700 ms MarkObjects: 2.339400 ms  DeleteObjects: 0.070500 ms)

========================================================================
Received Prepare
Registering precompiled user dll's ...
Registered in 0.000893 seconds.
Begin MonoManager ReloadAssembly
Native extension for WindowsStandalone target not found
Refreshing native plugins compatible for Editor in 0.27 ms, found 0 plugins.
Preloading 0 native plugins for Editor in 0.00 ms.
Mono: successfully reloaded assembly
- Completed reload, in  1.440 seconds
Platform modules already initialized, skipping
Refreshing native plugins compatible for Editor in 0.26 ms, found 0 plugins.
Preloading 0 native plugins for Editor in 0.00 ms.
Unloading 1115 Unused Serialized files (Serialized files now loaded: 0)
System memory in use before: 57.4 MB.
System memory in use after: 57.4 MB.

Unloading 5 unused Assets to reduce memory usage. Loaded Objects now: 1623.
Total: 2.118900 ms (FindLiveObjects: 0.178300 ms CreateObjectMapping: 0.047600 ms MarkObjects: 1.825000 ms  DeleteObjects: 0.066300 ms)

========================================================================
Received Prepare
Registering precompiled user dll's ...
Registered in 0.000745 seconds.
Begin MonoManager ReloadAssembly
Native extension for WindowsStandalone target not found
Refreshing native plugins compatible for Editor in 0.42 ms, found 0 plugins.
Preloading 0 native plugins for Editor in 0.00 ms.
Mono: successfully reloaded assembly
- Completed reload, in  1.686 seconds
Platform modules already initialized, skipping
Refreshing native plugins compatible for Editor in 0.26 ms, found 0 plugins.
Preloading 0 native plugins for Editor in 0.00 ms.
Unloading 1115 Unused Serialized files (Serialized files now loaded: 0)
System memory in use before: 57.4 MB.
System memory in use after: 57.5 MB.

Unloading 5 unused Assets to reduce memory usage. Loaded Objects now: 1626.
Total: 2.544400 ms (FindLiveObjects: 0.276100 ms CreateObjectMapping: 0.058900 ms MarkObjects: 2.139200 ms  DeleteObjects: 0.068800 ms)

========================================================================
Received Prepare
Registering precompiled user dll's ...
Registered in 0.000906 seconds.
Begin MonoManager ReloadAssembly
Native extension for WindowsStandalone target not found
Refreshing native plugins compatible for Editor in 0.28 ms, found 0 plugins.
Preloading 0 native plugins for Editor in 0.00 ms.
Mono: successfully reloaded assembly
- Completed reload, in  1.442 seconds
Platform modules already initialized, skipping
Refreshing native plugins compatible for Editor in 0.34 ms, found 0 plugins.
Preloading 0 native plugins for Editor in 0.00 ms.
Unloading 1115 Unused Serialized files (Serialized files now loaded: 0)
System memory in use before: 57.4 MB.
System memory in use after: 57.5 MB.

Unloading 5 unused Assets to reduce memory usage. Loaded Objects now: 1629.
Total: 3.436000 ms (FindLiveObjects: 0.238800 ms CreateObjectMapping: 0.052200 ms MarkObjects: 3.078200 ms  DeleteObjects: 0.065100 ms)

========================================================================
Received Prepare
Registering precompiled user dll's ...
Registered in 0.000773 seconds.
Begin MonoManager ReloadAssembly
Native extension for WindowsStandalone target not found
Refreshing native plugins compatible for Editor in 0.27 ms, found 0 plugins.
Preloading 0 native plugins for Editor in 0.00 ms.
Mono: successfully reloaded assembly
- Completed reload, in  1.315 seconds
Platform modules already initialized, skipping
Refreshing native plugins compatible for Editor in 0.32 ms, found 0 plugins.
Preloading 0 native plugins for Editor in 0.00 ms.
Unloading 1115 Unused Serialized files (Serialized files now loaded: 0)
System memory in use before: 57.4 MB.
System memory in use after: 57.5 MB.

Unloading 5 unused Assets to reduce memory usage. Loaded Objects now: 1632.
Total: 2.669800 ms (FindLiveObjects: 0.220100 ms CreateObjectMapping: 0.062200 ms MarkObjects: 2.325200 ms  DeleteObjects: 0.060500 ms)

========================================================================
Received Prepare
Registering precompiled user dll's ...
Registered in 0.000767 seconds.
Begin MonoManager ReloadAssembly
Native extension for WindowsStandalone target not found
Refreshing native plugins compatible for Editor in 0.34 ms, found 0 plugins.
Preloading 0 native plugins for Editor in 0.00 ms.
Mono: successfully reloaded assembly
- Completed reload, in  1.436 seconds
Platform modules already initialized, skipping
Refreshing native plugins compatible for Editor in 0.29 ms, found 0 plugins.
Preloading 0 native plugins for Editor in 0.00 ms.
Unloading 1115 Unused Serialized files (Serialized files now loaded: 0)
System memory in use before: 57.4 MB.
System memory in use after: 57.5 MB.

Unloading 5 unused Assets to reduce memory usage. Loaded Objects now: 1635.
Total: 3.473000 ms (FindLiveObjects: 0.324800 ms CreateObjectMapping: 0.104800 ms MarkObjects: 2.969400 ms  DeleteObjects: 0.071800 ms)

========================================================================
Received Prepare
Registering precompiled user dll's ...
Registered in 0.000783 seconds.
Begin MonoManager ReloadAssembly
Native extension for WindowsStandalone target not found
Refreshing native plugins compatible for Editor in 0.28 ms, found 0 plugins.
Preloading 0 native plugins for Editor in 0.00 ms.
Mono: successfully reloaded assembly
- Completed reload, in  1.477 seconds
Platform modules already initialized, skipping
Refreshing native plugins compatible for Editor in 0.26 ms, found 0 plugins.
Preloading 0 native plugins for Editor in 0.00 ms.
Unloading 1115 Unused Serialized files (Serialized files now loaded: 0)
System memory in use before: 57.4 MB.
System memory in use after: 57.5 MB.

Unloading 5 unused Assets to reduce memory usage. Loaded Objects now: 1638.
Total: 2.918400 ms (FindLiveObjects: 0.256900 ms CreateObjectMapping: 0.085100 ms MarkObjects: 2.499300 ms  DeleteObjects: 0.075300 ms)

========================================================================
Received Prepare
Registering precompiled user dll's ...
Registered in 0.000762 seconds.
Begin MonoManager ReloadAssembly
Native extension for WindowsStandalone target not found
Refreshing native plugins compatible for Editor in 0.27 ms, found 0 plugins.
Preloading 0 native plugins for Editor in 0.00 ms.
Mono: successfully reloaded assembly
- Completed reload, in  1.422 seconds
Platform modules already initialized, skipping
Refreshing native plugins compatible for Editor in 0.26 ms, found 0 plugins.
Preloading 0 native plugins for Editor in 0.00 ms.
Unloading 1115 Unused Serialized files (Serialized files now loaded: 0)
System memory in use before: 57.4 MB.
System memory in use after: 57.5 MB.

Unloading 5 unused Assets to reduce memory usage. Loaded Objects now: 1641.
Total: 2.374500 ms (FindLiveObjects: 0.200800 ms CreateObjectMapping: 0.062700 ms MarkObjects: 2.041800 ms  DeleteObjects: 0.067900 ms)

========================================================================
Received Prepare
Registering precompiled user dll's ...
Registered in 0.000763 seconds.
Begin MonoManager ReloadAssembly
Native extension for WindowsStandalone target not found
Refreshing native plugins compatible for Editor in 0.27 ms, found 0 plugins.
Preloading 0 native plugins for Editor in 0.00 ms.
Mono: successfully reloaded assembly
- Completed reload, in  1.431 seconds
Platform modules already initialized, skipping
Refreshing native plugins compatible for Editor in 0.45 ms, found 0 plugins.
Preloading 0 native plugins for Editor in 0.00 ms.
Unloading 1115 Unused Serialized files (Serialized files now loaded: 0)
System memory in use before: 57.4 MB.
System memory in use after: 57.5 MB.

Unloading 5 unused Assets to reduce memory usage. Loaded Objects now: 1644.
Total: 2.668600 ms (FindLiveObjects: 0.319100 ms CreateObjectMapping: 0.098300 ms MarkObjects: 2.182100 ms  DeleteObjects: 0.067400 ms)

========================================================================
Received Prepare
Registering precompiled user dll's ...
Registered in 0.000801 seconds.
Begin MonoManager ReloadAssembly
Native extension for WindowsStandalone target not found
Refreshing native plugins compatible for Editor in 0.27 ms, found 0 plugins.
Preloading 0 native plugins for Editor in 0.00 ms.
Mono: successfully reloaded assembly
- Completed reload, in  1.408 seconds
Platform modules already initialized, skipping
Refreshing native plugins compatible for Editor in 0.43 ms, found 0 plugins.
Preloading 0 native plugins for Editor in 0.00 ms.
Unloading 1115 Unused Serialized files (Serialized files now loaded: 0)
System memory in use before: 57.4 MB.
System memory in use after: 57.5 MB.

Unloading 5 unused Assets to reduce memory usage. Loaded Objects now: 1647.
Total: 2.472600 ms (FindLiveObjects: 0.177200 ms CreateObjectMapping: 0.053700 ms MarkObjects: 2.177100 ms  DeleteObjects: 0.063400 ms)

========================================================================
Received Prepare
Registering precompiled user dll's ...
Registered in 0.000754 seconds.
Begin MonoManager ReloadAssembly
Native extension for WindowsStandalone target not found
Refreshing native plugins compatible for Editor in 0.29 ms, found 0 plugins.
Preloading 0 native plugins for Editor in 0.00 ms.
Mono: successfully reloaded assembly
- Completed reload, in  1.386 seconds
Platform modules already initialized, skipping
Refreshing native plugins compatible for Editor in 0.25 ms, found 0 plugins.
Preloading 0 native plugins for Editor in 0.00 ms.
Unloading 1115 Unused Serialized files (Serialized files now loaded: 0)
System memory in use before: 57.4 MB.
System memory in use after: 57.5 MB.

Unloading 5 unused Assets to reduce memory usage. Loaded Objects now: 1650.
Total: 2.383700 ms (FindLiveObjects: 0.237300 ms CreateObjectMapping: 0.073100 ms MarkObjects: 2.004400 ms  DeleteObjects: 0.067300 ms)

========================================================================
Received Prepare
Registering precompiled user dll's ...
Registered in 0.001203 seconds.
Begin MonoManager ReloadAssembly
Native extension for WindowsStandalone target not found
Refreshing native plugins compatible for Editor in 0.28 ms, found 0 plugins.
Preloading 0 native plugins for Editor in 0.00 ms.
Mono: successfully reloaded assembly
- Completed reload, in  1.439 seconds
Platform modules already initialized, skipping
Refreshing native plugins compatible for Editor in 0.26 ms, found 0 plugins.
Preloading 0 native plugins for Editor in 0.00 ms.
Unloading 1115 Unused Serialized files (Serialized files now loaded: 0)
System memory in use before: 57.4 MB.
System memory in use after: 57.5 MB.

Unloading 5 unused Assets to reduce memory usage. Loaded Objects now: 1653.
Total: 2.400700 ms (FindLiveObjects: 0.253600 ms CreateObjectMapping: 0.078900 ms MarkObjects: 1.999800 ms  DeleteObjects: 0.067100 ms)

========================================================================
Received Prepare
Registering precompiled user dll's ...
Registered in 0.000830 seconds.
Begin MonoManager ReloadAssembly
Native extension for WindowsStandalone target not found
Refreshing native plugins compatible for Editor in 0.28 ms, found 0 plugins.
Preloading 0 native plugins for Editor in 0.00 ms.
Mono: successfully reloaded assembly
- Completed reload, in  1.393 seconds
Platform modules already initialized, skipping
Refreshing native plugins compatible for Editor in 0.26 ms, found 0 plugins.
Preloading 0 native plugins for Editor in 0.00 ms.
Unloading 1115 Unused Serialized files (Serialized files now loaded: 0)
System memory in use before: 57.4 MB.
System memory in use after: 57.5 MB.

Unloading 5 unused Assets to reduce memory usage. Loaded Objects now: 1656.
Total: 2.483600 ms (FindLiveObjects: 0.180000 ms CreateObjectMapping: 0.054300 ms MarkObjects: 2.166300 ms  DeleteObjects: 0.081400 ms)

========================================================================
Received Prepare
Registering precompiled user dll's ...
Registered in 0.001245 seconds.
Begin MonoManager ReloadAssembly
Native extension for WindowsStandalone target not found
Refreshing native plugins compatible for Editor in 0.32 ms, found 0 plugins.
Preloading 0 native plugins for Editor in 0.00 ms.
Mono: successfully reloaded assembly
- Completed reload, in  1.634 seconds
Platform modules already initialized, skipping
Refreshing native plugins compatible for Editor in 0.37 ms, found 0 plugins.
Preloading 0 native plugins for Editor in 0.00 ms.
Unloading 1115 Unused Serialized files (Serialized files now loaded: 0)
System memory in use before: 57.4 MB.
System memory in use after: 57.5 MB.

Unloading 5 unused Assets to reduce memory usage. Loaded Objects now: 1659.
Total: 2.270700 ms (FindLiveObjects: 0.189300 ms CreateObjectMapping: 0.061000 ms MarkObjects: 1.950000 ms  DeleteObjects: 0.068800 ms)

========================================================================
Received Prepare
Registering precompiled user dll's ...
Registered in 0.001017 seconds.
Begin MonoManager ReloadAssembly
Native extension for WindowsStandalone target not found
Refreshing native plugins compatible for Editor in 0.26 ms, found 0 plugins.
Preloading 0 native plugins for Editor in 0.00 ms.
Mono: successfully reloaded assembly
- Completed reload, in  1.385 seconds
Platform modules already initialized, skipping
Refreshing native plugins compatible for Editor in 0.40 ms, found 0 plugins.
Preloading 0 native plugins for Editor in 0.00 ms.
Unloading 1115 Unused Serialized files (Serialized files now loaded: 0)
System memory in use before: 57.4 MB.
System memory in use after: 57.5 MB.

Unloading 5 unused Assets to reduce memory usage. Loaded Objects now: 1662.
Total: 3.446500 ms (FindLiveObjects: 0.293100 ms CreateObjectMapping: 0.138800 ms MarkObjects: 2.917300 ms  DeleteObjects: 0.094900 ms)

========================================================================
Received Prepare
Registering precompiled user dll's ...
Registered in 0.001036 seconds.
Begin MonoManager ReloadAssembly
Native extension for WindowsStandalone target not found
Refreshing native plugins compatible for Editor in 0.28 ms, found 0 plugins.
Preloading 0 native plugins for Editor in 0.00 ms.
Mono: successfully reloaded assembly
- Completed reload, in  1.685 seconds
Platform modules already initialized, skipping
Refreshing native plugins compatible for Editor in 0.26 ms, found 0 plugins.
Preloading 0 native plugins for Editor in 0.00 ms.
Unloading 1115 Unused Serialized files (Serialized files now loaded: 0)
System memory in use before: 57.4 MB.
System memory in use after: 57.5 MB.

Unloading 5 unused Assets to reduce memory usage. Loaded Objects now: 1665.
Total: 2.478600 ms (FindLiveObjects: 0.276000 ms CreateObjectMapping: 0.062800 ms MarkObjects: 2.077300 ms  DeleteObjects: 0.060600 ms)

========================================================================
Received Prepare
Registering precompiled user dll's ...
Registered in 0.000756 seconds.
Begin MonoManager ReloadAssembly
Native extension for WindowsStandalone target not found
Refreshing native plugins compatible for Editor in 0.27 ms, found 0 plugins.
Preloading 0 native plugins for Editor in 0.00 ms.
Mono: successfully reloaded assembly
- Completed reload, in  1.456 seconds
Platform modules already initialized, skipping
Refreshing native plugins compatible for Editor in 0.33 ms, found 0 plugins.
Preloading 0 native plugins for Editor in 0.00 ms.
Unloading 1115 Unused Serialized files (Serialized files now loaded: 0)
System memory in use before: 57.4 MB.
System memory in use after: 57.5 MB.

Unloading 5 unused Assets to reduce memory usage. Loaded Objects now: 1668.
Total: 4.301400 ms (FindLiveObjects: 0.427400 ms CreateObjectMapping: 0.139400 ms MarkObjects: 3.634300 ms  DeleteObjects: 0.098000 ms)

========================================================================
Received Prepare
Registering precompiled user dll's ...
Registered in 0.000738 seconds.
Begin MonoManager ReloadAssembly
Native extension for WindowsStandalone target not found
Refreshing native plugins compatible for Editor in 0.28 ms, found 0 plugins.
Preloading 0 native plugins for Editor in 0.00 ms.
Mono: successfully reloaded assembly
- Completed reload, in  1.493 seconds
Platform modules already initialized, skipping
Refreshing native plugins compatible for Editor in 0.43 ms, found 0 plugins.
Preloading 0 native plugins for Editor in 0.00 ms.
Unloading 1115 Unused Serialized files (Serialized files now loaded: 0)
System memory in use before: 57.5 MB.
System memory in use after: 57.5 MB.

Unloading 5 unused Assets to reduce memory usage. Loaded Objects now: 1671.
Total: 3.007700 ms (FindLiveObjects: 0.452500 ms CreateObjectMapping: 0.093400 ms MarkObjects: 2.376200 ms  DeleteObjects: 0.084000 ms)

========================================================================
Received Prepare
Registering precompiled user dll's ...
Registered in 0.000986 seconds.
Begin MonoManager ReloadAssembly
Native extension for WindowsStandalone target not found
Refreshing native plugins compatible for Editor in 0.28 ms, found 0 plugins.
Preloading 0 native plugins for Editor in 0.00 ms.
Mono: successfully reloaded assembly
- Completed reload, in  1.613 seconds
Platform modules already initialized, skipping
Refreshing native plugins compatible for Editor in 0.26 ms, found 0 plugins.
Preloading 0 native plugins for Editor in 0.00 ms.
Unloading 1115 Unused Serialized files (Serialized files now loaded: 0)
System memory in use before: 57.5 MB.
System memory in use after: 57.5 MB.

Unloading 5 unused Assets to reduce memory usage. Loaded Objects now: 1674.
Total: 3.110200 ms (FindLiveObjects: 0.314300 ms CreateObjectMapping: 0.091000 ms MarkObjects: 2.624400 ms  DeleteObjects: 0.078500 ms)

========================================================================
Received Prepare
Registering precompiled user dll's ...
Registered in 0.001174 seconds.
Begin MonoManager ReloadAssembly
Native extension for WindowsStandalone target not found
Refreshing native plugins compatible for Editor in 0.28 ms, found 0 plugins.
Preloading 0 native plugins for Editor in 0.00 ms.
Mono: successfully reloaded assembly
- Completed reload, in  2.051 seconds
Platform modules already initialized, skipping
Refreshing native plugins compatible for Editor in 0.40 ms, found 0 plugins.
Preloading 0 native plugins for Editor in 0.00 ms.
Unloading 1115 Unused Serialized files (Serialized files now loaded: 0)
System memory in use before: 57.5 MB.
System memory in use after: 57.5 MB.

Unloading 5 unused Assets to reduce memory usage. Loaded Objects now: 1677.
Total: 4.885100 ms (FindLiveObjects: 0.445700 ms CreateObjectMapping: 0.149000 ms MarkObjects: 4.206800 ms  DeleteObjects: 0.081700 ms)

========================================================================
Received Prepare
Registering precompiled user dll's ...
Registered in 0.000781 seconds.
Begin MonoManager ReloadAssembly
Native extension for WindowsStandalone target not found
Refreshing native plugins compatible for Editor in 0.41 ms, found 0 plugins.
Preloading 0 native plugins for Editor in 0.00 ms.
Mono: successfully reloaded assembly
- Completed reload, in  1.335 seconds
Platform modules already initialized, skipping
Refreshing native plugins compatible for Editor in 0.42 ms, found 0 plugins.
Preloading 0 native plugins for Editor in 0.00 ms.
Unloading 1115 Unused Serialized files (Serialized files now loaded: 0)
System memory in use before: 57.5 MB.
System memory in use after: 57.5 MB.

Unloading 5 unused Assets to reduce memory usage. Loaded Objects now: 1680.
Total: 3.743300 ms (FindLiveObjects: 0.319100 ms CreateObjectMapping: 0.099800 ms MarkObjects: 3.229000 ms  DeleteObjects: 0.093600 ms)

========================================================================
Received Prepare
Registering precompiled user dll's ...
Registered in 0.000538 seconds.
Begin MonoManager ReloadAssembly
Native extension for WindowsStandalone target not found
Refreshing native plugins compatible for Editor in 0.36 ms, found 0 plugins.
Preloading 0 native plugins for Editor in 0.00 ms.
Mono: successfully reloaded assembly
- Completed reload, in  0.908 seconds
Platform modules already initialized, skipping
Refreshing native plugins compatible for Editor in 0.19 ms, found 0 plugins.
Preloading 0 native plugins for Editor in 0.00 ms.
Unloading 1115 Unused Serialized files (Serialized files now loaded: 0)
System memory in use before: 57.5 MB.
System memory in use after: 57.6 MB.

Unloading 5 unused Assets to reduce memory usage. Loaded Objects now: 1683.
Total: 1.750200 ms (FindLiveObjects: 0.140100 ms CreateObjectMapping: 0.032500 ms MarkObjects: 1.532900 ms  DeleteObjects: 0.043700 ms)

========================================================================
Received Prepare
Registering precompiled user dll's ...
Registered in 0.000807 seconds.
Begin MonoManager ReloadAssembly
Native extension for WindowsStandalone target not found
Refreshing native plugins compatible for Editor in 0.33 ms, found 0 plugins.
Preloading 0 native plugins for Editor in 0.00 ms.
Mono: successfully reloaded assembly
- Completed reload, in  0.948 seconds
Platform modules already initialized, skipping
Refreshing native plugins compatible for Editor in 0.20 ms, found 0 plugins.
Preloading 0 native plugins for Editor in 0.00 ms.
Unloading 1115 Unused Serialized files (Serialized files now loaded: 0)
System memory in use before: 57.5 MB.
System memory in use after: 57.6 MB.

Unloading 5 unused Assets to reduce memory usage. Loaded Objects now: 1686.
Total: 2.133000 ms (FindLiveObjects: 0.239200 ms CreateObjectMapping: 0.143300 ms MarkObjects: 1.678900 ms  DeleteObjects: 0.069900 ms)

========================================================================
Received Prepare
Registering precompiled user dll's ...
Registered in 0.000593 seconds.
Begin MonoManager ReloadAssembly
Native extension for WindowsStandalone target not found
Refreshing native plugins compatible for Editor in 0.21 ms, found 0 plugins.
Preloading 0 native plugins for Editor in 0.00 ms.
Mono: successfully reloaded assembly
- Completed reload, in  0.873 seconds
Platform modules already initialized, skipping
Refreshing native plugins compatible for Editor in 0.22 ms, found 0 plugins.
Preloading 0 native plugins for Editor in 0.00 ms.
Unloading 1115 Unused Serialized files (Serialized files now loaded: 0)
System memory in use before: 57.5 MB.
System memory in use after: 57.6 MB.

Unloading 5 unused Assets to reduce memory usage. Loaded Objects now: 1689.
Total: 1.608900 ms (FindLiveObjects: 0.187500 ms CreateObjectMapping: 0.037200 ms MarkObjects: 1.335600 ms  DeleteObjects: 0.047400 ms)

========================================================================
Received Prepare
Registering precompiled user dll's ...
Registered in 0.000769 seconds.
Begin MonoManager ReloadAssembly
Native extension for WindowsStandalone target not found
Refreshing native plugins compatible for Editor in 0.35 ms, found 0 plugins.
Preloading 0 native plugins for Editor in 0.00 ms.
Mono: successfully reloaded assembly
- Completed reload, in  0.895 seconds
Platform modules already initialized, skipping
Refreshing native plugins compatible for Editor in 0.32 ms, found 0 plugins.
Preloading 0 native plugins for Editor in 0.00 ms.
Unloading 1115 Unused Serialized files (Serialized files now loaded: 0)
System memory in use before: 57.5 MB.
System memory in use after: 57.6 MB.

Unloading 5 unused Assets to reduce memory usage. Loaded Objects now: 1692.
Total: 1.549600 ms (FindLiveObjects: 0.147800 ms CreateObjectMapping: 0.040700 ms MarkObjects: 1.315000 ms  DeleteObjects: 0.045400 ms)

========================================================================
Received Prepare
Registering precompiled user dll's ...
Registered in 0.000523 seconds.
Begin MonoManager ReloadAssembly
Native extension for WindowsStandalone target not found
Refreshing native plugins compatible for Editor in 0.20 ms, found 0 plugins.
Preloading 0 native plugins for Editor in 0.00 ms.
Mono: successfully reloaded assembly
- Completed reload, in  0.868 seconds
Platform modules already initialized, skipping
Refreshing native plugins compatible for Editor in 0.22 ms, found 0 plugins.
Preloading 0 native plugins for Editor in 0.00 ms.
Unloading 1115 Unused Serialized files (Serialized files now loaded: 0)
System memory in use before: 57.5 MB.
System memory in use after: 57.6 MB.

Unloading 5 unused Assets to reduce memory usage. Loaded Objects now: 1695.
Total: 2.087300 ms (FindLiveObjects: 0.278500 ms CreateObjectMapping: 0.035500 ms MarkObjects: 1.686100 ms  DeleteObjects: 0.085700 ms)

========================================================================
Received Prepare
Registering precompiled user dll's ...
Registered in 0.000514 seconds.
Begin MonoManager ReloadAssembly
Native extension for WindowsStandalone target not found
Refreshing native plugins compatible for Editor in 0.19 ms, found 0 plugins.
Preloading 0 native plugins for Editor in 0.00 ms.
Mono: successfully reloaded assembly
- Completed reload, in  0.857 seconds
Platform modules already initialized, skipping
Refreshing native plugins compatible for Editor in 0.19 ms, found 0 plugins.
Preloading 0 native plugins for Editor in 0.00 ms.
Unloading 1115 Unused Serialized files (Serialized files now loaded: 0)
System memory in use before: 57.6 MB.
System memory in use after: 57.6 MB.

Unloading 5 unused Assets to reduce memory usage. Loaded Objects now: 1698.
Total: 1.545000 ms (FindLiveObjects: 0.143900 ms CreateObjectMapping: 0.038700 ms MarkObjects: 1.315300 ms  DeleteObjects: 0.046300 ms)

========================================================================
Received Prepare
Registering precompiled user dll's ...
Registered in 0.000628 seconds.
Begin MonoManager ReloadAssembly
Native extension for WindowsStandalone target not found
Refreshing native plugins compatible for Editor in 0.33 ms, found 0 plugins.
Preloading 0 native plugins for Editor in 0.00 ms.
Mono: successfully reloaded assembly
- Completed reload, in  0.931 seconds
Platform modules already initialized, skipping
Refreshing native plugins compatible for Editor in 0.23 ms, found 0 plugins.
Preloading 0 native plugins for Editor in 0.00 ms.
Unloading 1115 Unused Serialized files (Serialized files now loaded: 0)
System memory in use before: 57.6 MB.
System memory in use after: 57.6 MB.

Unloading 5 unused Assets to reduce memory usage. Loaded Objects now: 1701.
Total: 1.768700 ms (FindLiveObjects: 0.188300 ms CreateObjectMapping: 0.034400 ms MarkObjects: 1.494800 ms  DeleteObjects: 0.050400 ms)

========================================================================
Received Prepare
Registering precompiled user dll's ...
Registered in 0.000555 seconds.
Begin MonoManager ReloadAssembly
Native extension for WindowsStandalone target not found
Refreshing native plugins compatible for Editor in 0.19 ms, found 0 plugins.
Preloading 0 native plugins for Editor in 0.00 ms.
Mono: successfully reloaded assembly
- Completed reload, in  0.867 seconds
Platform modules already initialized, skipping
Refreshing native plugins compatible for Editor in 0.19 ms, found 0 plugins.
Preloading 0 native plugins for Editor in 0.00 ms.
Unloading 1115 Unused Serialized files (Serialized files now loaded: 0)
System memory in use before: 57.6 MB.
System memory in use after: 57.6 MB.

Unloading 5 unused Assets to reduce memory usage. Loaded Objects now: 1704.
Total: 1.753600 ms (FindLiveObjects: 0.140800 ms CreateObjectMapping: 0.036500 ms MarkObjects: 1.523800 ms  DeleteObjects: 0.051500 ms)

========================================================================
Received Prepare
Registering precompiled user dll's ...
Registered in 0.000494 seconds.
Begin MonoManager ReloadAssembly
Native extension for WindowsStandalone target not found
Refreshing native plugins compatible for Editor in 0.20 ms, found 0 plugins.
Preloading 0 native plugins for Editor in 0.00 ms.
Mono: successfully reloaded assembly
- Completed reload, in  0.842 seconds
Platform modules already initialized, skipping
Refreshing native plugins compatible for Editor in 0.19 ms, found 0 plugins.
Preloading 0 native plugins for Editor in 0.00 ms.
Unloading 1115 Unused Serialized files (Serialized files now loaded: 0)
System memory in use before: 57.6 MB.
System memory in use after: 57.7 MB.

Unloading 5 unused Assets to reduce memory usage. Loaded Objects now: 1707.
Total: 1.858000 ms (FindLiveObjects: 0.177400 ms CreateObjectMapping: 0.041300 ms MarkObjects: 1.591600 ms  DeleteObjects: 0.046800 ms)

========================================================================
Received Prepare
Registering precompiled user dll's ...
Registered in 0.000511 seconds.
Begin MonoManager ReloadAssembly
Native extension for WindowsStandalone target not found
Refreshing native plugins compatible for Editor in 0.19 ms, found 0 plugins.
Preloading 0 native plugins for Editor in 0.00 ms.
Mono: successfully reloaded assembly
- Completed reload, in  1.003 seconds
Platform modules already initialized, skipping
Refreshing native plugins compatible for Editor in 0.19 ms, found 0 plugins.
Preloading 0 native plugins for Editor in 0.00 ms.
Unloading 1115 Unused Serialized files (Serialized files now loaded: 0)
System memory in use before: 57.6 MB.
System memory in use after: 57.7 MB.

Unloading 5 unused Assets to reduce memory usage. Loaded Objects now: 1710.
Total: 1.705500 ms (FindLiveObjects: 0.132000 ms CreateObjectMapping: 0.033800 ms MarkObjects: 1.491000 ms  DeleteObjects: 0.047500 ms)

========================================================================
Received Prepare
Registering precompiled user dll's ...
Registered in 0.000514 seconds.
Begin MonoManager ReloadAssembly
Native extension for WindowsStandalone target not found
Refreshing native plugins compatible for Editor in 0.43 ms, found 0 plugins.
Preloading 0 native plugins for Editor in 0.00 ms.
Mono: successfully reloaded assembly
- Completed reload, in  0.947 seconds
Platform modules already initialized, skipping
Refreshing native plugins compatible for Editor in 0.34 ms, found 0 plugins.
Preloading 0 native plugins for Editor in 0.00 ms.
Unloading 1114 Unused Serialized files (Serialized files now loaded: 0)
System memory in use before: 57.6 MB.
System memory in use after: 57.6 MB.

Unloading 6 unused Assets to reduce memory usage. Loaded Objects now: 1712.
Total: 1.895200 ms (FindLiveObjects: 0.166400 ms CreateObjectMapping: 0.043100 ms MarkObjects: 1.615000 ms  DeleteObjects: 0.069000 ms)

========================================================================
Received Prepare
Registering precompiled user dll's ...
Registered in 0.000498 seconds.
Begin MonoManager ReloadAssembly
Native extension for WindowsStandalone target not found
Refreshing native plugins compatible for Editor in 0.19 ms, found 0 plugins.
Preloading 0 native plugins for Editor in 0.00 ms.
Mono: successfully reloaded assembly
- Completed reload, in  0.854 seconds
Platform modules already initialized, skipping
Refreshing native plugins compatible for Editor in 0.33 ms, found 0 plugins.
Preloading 0 native plugins for Editor in 0.00 ms.
Unloading 1115 Unused Serialized files (Serialized files now loaded: 0)
System memory in use before: 57.6 MB.
System memory in use after: 57.7 MB.

Unloading 5 unused Assets to reduce memory usage. Loaded Objects now: 1716.
Total: 1.667900 ms (FindLiveObjects: 0.211200 ms CreateObjectMapping: 0.046000 ms MarkObjects: 1.363300 ms  DeleteObjects: 0.046300 ms)

========================================================================
Received Import Request.
  Time since last request: 12097.095781 seconds.
  path: Assets/TinyFire VFX
  artifactKey: Guid(f18b8bb3d6ef387459317c4c2925cc8b) Importer(815301076,1909f56bfc062723c751e8b465ee728b)
Start importing Assets/TinyFire VFX using Guid(f18b8bb3d6ef387459317c4c2925cc8b) Importer(815301076,1909f56bfc062723c751e8b465ee728b)  -> (artifact id: '12ee545662a0f5a176b0a27014a01bb3') in 0.008225 seconds
  Import took 0.025074 seconds .

========================================================================
Received Import Request.
  Time since last request: 1.445896 seconds.
  path: Assets/TinyFire VFX/Demo.unity
  artifactKey: Guid(3bf3ff223bdfbbd4fb4202d8d64fc99d) Importer(815301076,1909f56bfc062723c751e8b465ee728b)
Start importing Assets/TinyFire VFX/Demo.unity using Guid(3bf3ff223bdfbbd4fb4202d8d64fc99d) Importer(815301076,1909f56bfc062723c751e8b465ee728b)  -> (artifact id: '34978f8c08adc93ed8ab21e334b0906e') in 0.015607 seconds
  Import took 0.017802 seconds .

========================================================================
Received Import Request.
  Time since last request: 0.001965 seconds.
  path: Assets/TinyFire VFX/Demo.unity
  artifactKey: Guid(3bf3ff223bdfbbd4fb4202d8d64fc99d) Importer(815301076,1909f56bfc062723c751e8b465ee728b)
Start importing Assets/TinyFire VFX/Demo.unity using Guid(3bf3ff223bdfbbd4fb4202d8d64fc99d) Importer(815301076,1909f56bfc062723c751e8b465ee728b)  -> (artifact id: '34978f8c08adc93ed8ab21e334b0906e') in 0.002099 seconds
  Import took 0.004346 seconds .

========================================================================
Received Import Request.
  Time since last request: 15.002875 seconds.
  path: Assets/Scenes/SampleScene.unity
  artifactKey: Guid(9fc0d4010bbf28b4594072e72b8655ab) Importer(815301076,1909f56bfc062723c751e8b465ee728b)
Start importing Assets/Scenes/SampleScene.unity using Guid(9fc0d4010bbf28b4594072e72b8655ab) Importer(815301076,1909f56bfc062723c751e8b465ee728b)  -> (artifact id: '597a8a9a8a8b50818f5c1a6f1acf077a') in 0.007642 seconds
  Import took 0.010553 seconds .

========================================================================
Received Import Request.
  Time since last request: 1.891532 seconds.
  path: Assets/TinyFire VFX/Prefabs
  artifactKey: Guid(7bc06d91b91c70e4cbceb1db644f91dc) Importer(815301076,1909f56bfc062723c751e8b465ee728b)
Start importing Assets/TinyFire VFX/Prefabs using Guid(7bc06d91b91c70e4cbceb1db644f91dc) Importer(815301076,1909f56bfc062723c751e8b465ee728b)  -> (artifact id: '44604acfc3a22e10822078027a323c08') in 0.008465 seconds
  Import took 0.011084 seconds .

========================================================================
Received Import Request.
  Time since last request: 0.829219 seconds.
  path: Assets/TinyFire VFX/Prefabs/TinyFire
  artifactKey: Guid(904e76c73de77744ab5b8d96cb10ea84) Importer(815301076,1909f56bfc062723c751e8b465ee728b)
Start importing Assets/TinyFire VFX/Prefabs/TinyFire using Guid(904e76c73de77744ab5b8d96cb10ea84) Importer(815301076,1909f56bfc062723c751e8b465ee728b)  -> (artifact id: 'af45fe4b4fd2fb20d228b95aa7e1fe65') in 0.006425 seconds
  Import took 0.008181 seconds .

========================================================================
Received Import Request.
  Time since last request: 0.062949 seconds.
  path: Assets/TinyFire VFX/Prefabs/TinyFire/TinyFire.prefab
  artifactKey: Guid(28fbc97a4e7e92144af43a4bd05be737) Importer(815301076,1909f56bfc062723c751e8b465ee728b)
Start importing Assets/TinyFire VFX/Prefabs/TinyFire/TinyFire.prefab using Guid(28fbc97a4e7e92144af43a4bd05be737) Importer(815301076,1909f56bfc062723c751e8b465ee728b)  -> (artifact id: 'f1c723a4bc3d5f1e2f491bd7ba4ed075') in 0.022002 seconds
  Import took 0.045579 seconds .

========================================================================
Received Import Request.
  Time since last request: 0.000370 seconds.
  path: Assets/TinyFire VFX/Prefabs/TinyFire/TinyFire5_Chaos.prefab
  artifactKey: Guid(95ac769aad76e4841a39786fa2a5bad6) Importer(815301076,1909f56bfc062723c751e8b465ee728b)
Start importing Assets/TinyFire VFX/Prefabs/TinyFire/TinyFire5_Chaos.prefab using Guid(95ac769aad76e4841a39786fa2a5bad6) Importer(815301076,1909f56bfc062723c751e8b465ee728b)  -> (artifact id: 'c1f7659e8095ecef54cb07385a455641') in 0.008870 seconds
  Import took 0.010886 seconds .

========================================================================
Received Import Request.
  Time since last request: 0.000293 seconds.
  path: Assets/TinyFire VFX/Prefabs/TinyFire/TinyFire4_Strong.prefab
  artifactKey: Guid(319437fb67fb92841a70ce64636aae0e) Importer(815301076,1909f56bfc062723c751e8b465ee728b)
Start importing Assets/TinyFire VFX/Prefabs/TinyFire/TinyFire4_Strong.prefab using Guid(319437fb67fb92841a70ce64636aae0e) Importer(815301076,1909f56bfc062723c751e8b465ee728b)  -> (artifact id: '29f9c18dc475ba60a7531ff70e779582') in 0.008963 seconds
  Import took 0.011653 seconds .

========================================================================
Received Import Request.
  Time since last request: 0.000300 seconds.
  path: Assets/TinyFire VFX/Prefabs/TinyFire/TinyFire_Chaos.prefab
  artifactKey: Guid(9a8f452007ea2fc46a2991278311f5bf) Importer(815301076,1909f56bfc062723c751e8b465ee728b)
Start importing Assets/TinyFire VFX/Prefabs/TinyFire/TinyFire_Chaos.prefab using Guid(9a8f452007ea2fc46a2991278311f5bf) Importer(815301076,1909f56bfc062723c751e8b465ee728b)  -> (artifact id: '96ec8e980e18e8e713175c8704098875') in 0.008524 seconds
  Import took 0.011062 seconds .

========================================================================
Received Import Request.
  Time since last request: 0.000423 seconds.
  path: Assets/TinyFire VFX/Prefabs/TinyFire/TinyFire5_Strong.prefab
  artifactKey: Guid(3172b52d19aa1fd4e891a549141af8a5) Importer(815301076,1909f56bfc062723c751e8b465ee728b)
Start importing Assets/TinyFire VFX/Prefabs/TinyFire/TinyFire5_Strong.prefab using Guid(3172b52d19aa1fd4e891a549141af8a5) Importer(815301076,1909f56bfc062723c751e8b465ee728b)  -> (artifact id: '168a222b4a8e3318acd9d5c171913135') in 0.008894 seconds
  Import took 0.011403 seconds .

========================================================================
Received Import Request.
  Time since last request: 0.000306 seconds.
  path: Assets/TinyFire VFX/Prefabs/TinyFire/TinyFire3_Strong.prefab
  artifactKey: Guid(dbb43018d5aa7a94c8b6e3de5401eabc) Importer(815301076,1909f56bfc062723c751e8b465ee728b)
Start importing Assets/TinyFire VFX/Prefabs/TinyFire/TinyFire3_Strong.prefab using Guid(dbb43018d5aa7a94c8b6e3de5401eabc) Importer(815301076,1909f56bfc062723c751e8b465ee728b)  -> (artifact id: 'eeef8b60e5351939422069fdc1f12519') in 0.008848 seconds
  Import took 0.011254 seconds .

========================================================================
Received Import Request.
  Time since last request: 0.000378 seconds.
  path: Assets/TinyFire VFX/Prefabs/TinyFire/TinyFire4_Poison.prefab
  artifactKey: Guid(b3773ccca8d7d774c9bf326cb52a5d50) Importer(815301076,1909f56bfc062723c751e8b465ee728b)
Start importing Assets/TinyFire VFX/Prefabs/TinyFire/TinyFire4_Poison.prefab using Guid(b3773ccca8d7d774c9bf326cb52a5d50) Importer(815301076,1909f56bfc062723c751e8b465ee728b)  -> (artifact id: 'f158fcd6d723c124ccac636909f45941') in 0.008684 seconds
  Import took 0.010637 seconds .

========================================================================
Received Import Request.
  Time since last request: 0.000349 seconds.
  path: Assets/TinyFire VFX/Prefabs/TinyFire/TinyFire4_Darkness.prefab
  artifactKey: Guid(feded0465999c1548bda62e4c1777240) Importer(815301076,1909f56bfc062723c751e8b465ee728b)
Start importing Assets/TinyFire VFX/Prefabs/TinyFire/TinyFire4_Darkness.prefab using Guid(feded0465999c1548bda62e4c1777240) Importer(815301076,1909f56bfc062723c751e8b465ee728b)  -> (artifact id: '608873f1ed5b9f70637809131974c6f5') in 0.009418 seconds
  Import took 0.011539 seconds .

========================================================================
Received Import Request.
  Time since last request: 0.000381 seconds.
  path: Assets/TinyFire VFX/Prefabs/TinyFire/TinyFire3_Chaos.prefab
  artifactKey: Guid(c94ca14725391464789de4e88007608c) Importer(815301076,1909f56bfc062723c751e8b465ee728b)
Start importing Assets/TinyFire VFX/Prefabs/TinyFire/TinyFire3_Chaos.prefab using Guid(c94ca14725391464789de4e88007608c) Importer(815301076,1909f56bfc062723c751e8b465ee728b)  -> (artifact id: 'df1925369b5612916d9fa7a737c13f71') in 0.009079 seconds
  Import took 0.015217 seconds .

========================================================================
Received Import Request.
  Time since last request: 0.000382 seconds.
  path: Assets/TinyFire VFX/Prefabs/TinyFire/TinyFire5_Poison.prefab
  artifactKey: Guid(5e29a2120ef49e248bb0b0e7084dfef1) Importer(815301076,1909f56bfc062723c751e8b465ee728b)
Start importing Assets/TinyFire VFX/Prefabs/TinyFire/TinyFire5_Poison.prefab using Guid(5e29a2120ef49e248bb0b0e7084dfef1) Importer(815301076,1909f56bfc062723c751e8b465ee728b)  -> (artifact id: 'b486f54bb34adc7fae33f56c725ef0d7') in 0.010586 seconds
  Import took 0.012811 seconds .

========================================================================
Received Import Request.
  Time since last request: 0.000452 seconds.
  path: Assets/TinyFire VFX/Prefabs/TinyFire/TinyFire3.prefab
  artifactKey: Guid(9d14d7de57db61f41835c680bbfa27cb) Importer(815301076,1909f56bfc062723c751e8b465ee728b)
Start importing Assets/TinyFire VFX/Prefabs/TinyFire/TinyFire3.prefab using Guid(9d14d7de57db61f41835c680bbfa27cb) Importer(815301076,1909f56bfc062723c751e8b465ee728b)  -> (artifact id: 'eb045d8a660dafe9477d5a65abdbaf12') in 0.007425 seconds
  Import took 0.009489 seconds .

========================================================================
Received Import Request.
  Time since last request: 0.000421 seconds.
  path: Assets/TinyFire VFX/Prefabs/TinyFire/TinyFire_Strong.prefab
  artifactKey: Guid(bbc4a54ad54f7134b93f363b469be9a2) Importer(815301076,1909f56bfc062723c751e8b465ee728b)
Start importing Assets/TinyFire VFX/Prefabs/TinyFire/TinyFire_Strong.prefab using Guid(bbc4a54ad54f7134b93f363b469be9a2) Importer(815301076,1909f56bfc062723c751e8b465ee728b)  -> (artifact id: 'fa4f5fc1b83a71ac0f2d497848393f37') in 0.008502 seconds
  Import took 0.010656 seconds .

========================================================================
Received Import Request.
  Time since last request: 0.000308 seconds.
  path: Assets/TinyFire VFX/Prefabs/TinyFire/TinyFire_Darkness.prefab
  artifactKey: Guid(dbba01d57d0ff0740b532e4ebfc24990) Importer(815301076,1909f56bfc062723c751e8b465ee728b)
Start importing Assets/TinyFire VFX/Prefabs/TinyFire/TinyFire_Darkness.prefab using Guid(dbba01d57d0ff0740b532e4ebfc24990) Importer(815301076,1909f56bfc062723c751e8b465ee728b)  -> (artifact id: 'c4cb953e325300df3aaea9057eaf7221') in 0.008392 seconds
  Import took 0.010368 seconds .

========================================================================
Received Import Request.
  Time since last request: 0.000321 seconds.
  path: Assets/TinyFire VFX/Prefabs/TinyFire/TinyFire5_Darkness.prefab
  artifactKey: Guid(6f4150168c615304fb5f9a45ae0d3af4) Importer(815301076,1909f56bfc062723c751e8b465ee728b)
Start importing Assets/TinyFire VFX/Prefabs/TinyFire/TinyFire5_Darkness.prefab using Guid(6f4150168c615304fb5f9a45ae0d3af4) Importer(815301076,1909f56bfc062723c751e8b465ee728b)  -> (artifact id: '4a9b0d3a9857b4c2b6b608c6d28ba767') in 0.007483 seconds
  Import took 0.009609 seconds .

========================================================================
Received Import Request.
  Time since last request: 0.000322 seconds.
  path: Assets/TinyFire VFX/Prefabs/TinyFire/TinyFire3_Poison.prefab
  artifactKey: Guid(fc69ccf3f7f124548ae8d6c7ef37bace) Importer(815301076,1909f56bfc062723c751e8b465ee728b)
Start importing Assets/TinyFire VFX/Prefabs/TinyFire/TinyFire3_Poison.prefab using Guid(fc69ccf3f7f124548ae8d6c7ef37bace) Importer(815301076,1909f56bfc062723c751e8b465ee728b)  -> (artifact id: '00a217e520d766e6ec3d9dbd38095218') in 0.008372 seconds
  Import took 0.010234 seconds .

========================================================================
Received Import Request.
  Time since last request: 0.000377 seconds.
  path: Assets/TinyFire VFX/Prefabs/TinyFire/TinyFire5.prefab
  artifactKey: Guid(2c1ddc295978c9e459174099968f3ee5) Importer(815301076,1909f56bfc062723c751e8b465ee728b)
Start importing Assets/TinyFire VFX/Prefabs/TinyFire/TinyFire5.prefab using Guid(2c1ddc295978c9e459174099968f3ee5) Importer(815301076,1909f56bfc062723c751e8b465ee728b)  -> (artifact id: '2581f2c415758d7f74170c462274a9f0') in 0.008086 seconds
  Import took 0.011125 seconds .

========================================================================
Received Import Request.
  Time since last request: 0.000276 seconds.
  path: Assets/TinyFire VFX/Prefabs/TinyFire/TinyFire4.prefab
  artifactKey: Guid(54b675d5f2989b94e99fef50f523abc0) Importer(815301076,1909f56bfc062723c751e8b465ee728b)
Start importing Assets/TinyFire VFX/Prefabs/TinyFire/TinyFire4.prefab using Guid(54b675d5f2989b94e99fef50f523abc0) Importer(815301076,1909f56bfc062723c751e8b465ee728b)  -> (artifact id: 'c309ba5195cd60880604b7d55631d623') in 0.010427 seconds
  Import took 0.025219 seconds .

========================================================================
Received Import Request.
  Time since last request: 0.000309 seconds.
  path: Assets/TinyFire VFX/Prefabs/TinyFire/TinyFire3_Darkness.prefab
  artifactKey: Guid(9217078230ed7494c9380d30e2eec722) Importer(815301076,1909f56bfc062723c751e8b465ee728b)
Start importing Assets/TinyFire VFX/Prefabs/TinyFire/TinyFire3_Darkness.prefab using Guid(9217078230ed7494c9380d30e2eec722) Importer(815301076,1909f56bfc062723c751e8b465ee728b)  -> (artifact id: '02189ede34761a5b4a2c31f18d617c34') in 0.011363 seconds
  Import took 0.014025 seconds .

========================================================================
Received Import Request.
  Time since last request: 0.000329 seconds.
  path: Assets/TinyFire VFX/Prefabs/TinyFire/TinyFire_Poison.prefab
  artifactKey: Guid(2dd612cce829d624c9897073b85ead2f) Importer(815301076,1909f56bfc062723c751e8b465ee728b)
Start importing Assets/TinyFire VFX/Prefabs/TinyFire/TinyFire_Poison.prefab using Guid(2dd612cce829d624c9897073b85ead2f) Importer(815301076,1909f56bfc062723c751e8b465ee728b)  -> (artifact id: 'e5566146d9d1e8c3933928c2e961f8e1') in 0.008262 seconds
  Import took 0.010587 seconds .

========================================================================
Received Import Request.
  Time since last request: 11.835758 seconds.
  path: Assets/TinyFire VFX/Materials/sphereAlphaMat.mat
  artifactKey: Guid(5b8ee6c2bc63e904a9c093e5781ef20b) Importer(815301076,1909f56bfc062723c751e8b465ee728b)
Start importing Assets/TinyFire VFX/Materials/sphereAlphaMat.mat using Guid(5b8ee6c2bc63e904a9c093e5781ef20b) Importer(815301076,1909f56bfc062723c751e8b465ee728b)  -> (artifact id: '30eb17dcab5f8e25791c4a93b5f51c01') in 0.741040 seconds
  Import took 0.781573 seconds .

========================================================================
Received Import Request.
  Time since last request: 17.609078 seconds.
  path: Assets/TinyFire VFX/Materials/starAlphaMat.mat
  artifactKey: Guid(d781c3ae1600fb6499e38fd9778a7363) Importer(815301076,1909f56bfc062723c751e8b465ee728b)
Start importing Assets/TinyFire VFX/Materials/starAlphaMat.mat using Guid(d781c3ae1600fb6499e38fd9778a7363) Importer(815301076,1909f56bfc062723c751e8b465ee728b)  -> (artifact id: 'be7f94a1a6fe5ac384b45d7fa682e9f7') in 0.014847 seconds
  Import took 0.016792 seconds .

========================================================================
Received Prepare
Registering precompiled user dll's ...
Registered in 0.000612 seconds.
Begin MonoManager ReloadAssembly
Native extension for WindowsStandalone target not found
Refreshing native plugins compatible for Editor in 0.25 ms, found 0 plugins.
Preloading 0 native plugins for Editor in 0.00 ms.
Mono: successfully reloaded assembly
- Completed reload, in  1.118 seconds
Platform modules already initialized, skipping
Refreshing native plugins compatible for Editor in 0.24 ms, found 0 plugins.
Preloading 0 native plugins for Editor in 0.00 ms.
Unloading 1115 Unused Serialized files (Serialized files now loaded: 0)
System memory in use before: 61.0 MB.
System memory in use after: 61.1 MB.

Unloading 5 unused Assets to reduce memory usage. Loaded Objects now: 1760.
Total: 2.122700 ms (FindLiveObjects: 0.319500 ms CreateObjectMapping: 0.063000 ms MarkObjects: 1.686000 ms  DeleteObjects: 0.052800 ms)

========================================================================
Received Import Request.
  Time since last request: 334.814323 seconds.
  path: Assets/Materials/Sticks.mat
  artifactKey: Guid(b8508f742d509b94887a0dabe9f6d327) Importer(815301076,1909f56bfc062723c751e8b465ee728b)
Start importing Assets/Materials/Sticks.mat using Guid(b8508f742d509b94887a0dabe9f6d327) Importer(815301076,1909f56bfc062723c751e8b465ee728b)  -> (artifact id: 'd750a5b16b068938875730aa533c0215') in 0.118022 seconds
  Import took 0.121791 seconds .

AssetImportWorkerClient::OnTransportError - code=2 error=End of file
